<?xml version="1.0" encoding="UTF-8"?>
<Site BuildName="(empty)"
	BuildStamp="20250624-1351-Experimental"
	Name="sashwat-desktop"
	Generator="ctest-3.28.3"
	CompilerName="/usr/bin/aarch64-linux-gnu-g++"
	CompilerVersion="13.3.0"
	OSName="Linux"
	Hostname="sashwat-desktop"
	OSRelease="6.8.0-1028-raspi"
	OSVersion="#32-Ubuntu SMP PREEMPT_DYNAMIC Sat Apr 26 10:05:11 UTC 2025"
	OSPlatform="aarch64"
	Is64Bits="1"
	VendorString=""
	VendorID="Unknown Manufacturer"
	FamilyID="8"
	ModelID="0"
	ProcessorCacheSize="0"
	NumberOfLogicalCPU="4"
	NumberOfPhysicalCPU="1"
	TotalVirtualMemory="1023"
	TotalPhysicalMemory="15969"
	LogicalProcessorsPerPhysical="4"
	ProcessorClockFrequency="0"
	>
	<Testing>
		<StartDateTime>Jun 24 13:33 EDT</StartDateTime>
		<StartTestTime>1750786420</StartTestTime>
		<TestList/>
		<EndDateTime>Jun 24 13:33 EDT</EndDateTime>
		<EndTestTime>1750786420</EndTestTime>
		<ElapsedMinutes>0</ElapsedMinutes>
	</Testing>
</Site>
